<?xml version="1.0" encoding="UTF-8"?>
<!-- Generated by org.testng.reporters.JUnitXMLReporter -->
<testsuite ignored="0" hostname="Evolve-VM-01" failures="0" tests="3" name="Chrome_Test" time="16.962" errors="0" timestamp="2021-12-27T11:16:30 GMT+05:30">
  <testcase classname="com.testcase.IndexPageTest" name="verifyLogo" time="0.058"/>
  <testcase classname="com.testcase.IndexPageTest" name="verifyLogo" time="2.376"/>
  <testcase classname="com.testcase.IndexPageTest" name="verifyTitle" time="0.0">
    <skipped/>
  </testcase> <!-- verifyTitle -->
</testsuite> <!-- Chrome_Test -->
